[debug] [2020-02-12T00:29:29.360Z] ----------------------------------------------------------------------
[debug] [2020-02-12T00:29:29.362Z] Command:       /Users/andreyalfaro/.nvm/versions/node/v11.15.0/bin/node /Users/andreyalfaro/.nvm/versions/node/v11.15.0/bin/firebase deploy
[debug] [2020-02-12T00:29:29.362Z] CLI Version:   7.12.1
[debug] [2020-02-12T00:29:29.362Z] Platform:      darwin
[debug] [2020-02-12T00:29:29.362Z] Node Version:  v11.15.0
[debug] [2020-02-12T00:29:29.369Z] Time:          Tue Feb 11 2020 18:29:29 GMT-0600 (Central Standard Time)
[debug] [2020-02-12T00:29:29.369Z] ----------------------------------------------------------------------
[debug] [2020-02-12T00:29:29.369Z] 
[debug] [2020-02-12T00:29:29.390Z] > command requires scopes: ["email","openid","https://www.googleapis.com/auth/cloudplatformprojects.readonly","https://www.googleapis.com/auth/firebase","https://www.googleapis.com/auth/cloud-platform"]
[debug] [2020-02-12T00:29:29.391Z] > authorizing via signed-in user
[debug] [2020-02-12T00:29:29.391Z] [iam] checking project mywod-1c55e for permissions ["datastore.indexes.create","datastore.indexes.delete","datastore.indexes.list","datastore.indexes.update","firebase.projects.get","firebasehosting.sites.update","firebaserules.releases.create","firebaserules.releases.update","firebaserules.rulesets.create"]
[debug] [2020-02-12T00:29:29.393Z] > refreshing access token with scopes: ["email","https://www.googleapis.com/auth/cloud-platform","https://www.googleapis.com/auth/cloudplatformprojects.readonly","https://www.googleapis.com/auth/firebase","openid"]
[debug] [2020-02-12T00:29:29.393Z] >>> HTTP REQUEST POST https://www.googleapis.com/oauth2/v3/token  
 <request body omitted>
[debug] [2020-02-12T00:29:29.422Z] [iam] error while checking permissions, command may fail: FirebaseError: Authentication Error: Your credentials are no longer valid. Please run firebase login --reauth

For CI servers and headless environments, generate a new token with firebase login:ci
[debug] [2020-02-12T00:29:29.423Z] > refreshing access token with scopes: ["email","https://www.googleapis.com/auth/cloud-platform","https://www.googleapis.com/auth/cloudplatformprojects.readonly","https://www.googleapis.com/auth/firebase","openid"]
[debug] [2020-02-12T00:29:29.423Z] >>> HTTP REQUEST POST https://www.googleapis.com/oauth2/v3/token  
 <request body omitted>
[debug] [2020-02-12T00:29:29.427Z] Authentication Error: Your credentials are no longer valid. Please run firebase login --reauth

For CI servers and headless environments, generate a new token with firebase login:ci
[debug] [2020-02-12T00:29:29.433Z] FirebaseError: Authentication Error: Your credentials are no longer valid. Please run firebase login --reauth

For CI servers and headless environments, generate a new token with firebase login:ci
    at Object.<anonymous> (/Users/andreyalfaro/.nvm/versions/node/v11.15.0/lib/node_modules/firebase-tools/lib/auth.js:23:32)
    at Module._compile (internal/modules/cjs/loader.js:816:30)
    at Object.Module._extensions..js (internal/modules/cjs/loader.js:827:10)
    at Module.load (internal/modules/cjs/loader.js:685:32)
    at Function.Module._load (internal/modules/cjs/loader.js:620:12)
    at Module.require (internal/modules/cjs/loader.js:723:19)
    at require (internal/modules/cjs/helpers.js:14:16)
    at Object.<anonymous> (/Users/andreyalfaro/.nvm/versions/node/v11.15.0/lib/node_modules/firebase-tools/lib/commands/login.js:8:12)
    at Module._compile (internal/modules/cjs/loader.js:816:30)
    at Object.Module._extensions..js (internal/modules/cjs/loader.js:827:10)
    at Module.load (internal/modules/cjs/loader.js:685:32)
    at Function.Module._load (internal/modules/cjs/loader.js:620:12)
    at Module.require (internal/modules/cjs/loader.js:723:19)
    at require (internal/modules/cjs/helpers.js:14:16)
    at loadCommand (/Users/andreyalfaro/.nvm/versions/node/v11.15.0/lib/node_modules/firebase-tools/lib/commands/index.js:5:19)
    at module.exports (/Users/andreyalfaro/.nvm/versions/node/v11.15.0/lib/node_modules/firebase-tools/lib/commands/index.js:73:20)
[error] 
[error] Error: Failed to get Firebase project mywod-1c55e. Please make sure the project exists and your account has permission to access it.
